2020-12-19 17:55:08.681  INFO 2948 --- [main] x.s.bootshiro.BootShiroApplication       : Starting BootShiroApplication using Java 11 on TWILIGHT with PID 2948 (D:\proj\nProject\myBootShiro\target\classes started by Twilight Rarity in D:\proj\nProject\myBootShiro)
2020-12-19 17:55:08.681  INFO 2948 --- [main] x.s.bootshiro.BootShiroApplication       : The following profiles are active: dev
2020-12-19 17:55:09.457  INFO 2948 --- [main] .s.d.r.c.RepositoryConfigurationDelegate : Multiple Spring Data modules found, entering strict repository configuration mode!
2020-12-19 17:55:09.457  INFO 2948 --- [main] .s.d.r.c.RepositoryConfigurationDelegate : Bootstrapping Spring Data Redis repositories in DEFAULT mode.
2020-12-19 17:55:09.489  INFO 2948 --- [main] .s.d.r.c.RepositoryConfigurationDelegate : Finished Spring Data repository scanning in 14 ms. Found 0 Redis repository interfaces.
2020-12-19 17:55:09.705  INFO 2948 --- [main] trationDelegate$BeanPostProcessorChecker : Bean 'shiroConfig' of type [xyz.scootaloo.bootshiro.security.config.ShiroConfig$$EnhancerBySpringCGLIB$$22e8380b] is not eligible for getting processed by all BeanPostProcessors (for example: not eligible for auto-proxying)
2020-12-19 17:55:09.714  INFO 2948 --- [main] trationDelegate$BeanPostProcessorChecker : Bean 'jwtMatcher' of type [xyz.scootaloo.bootshiro.security.matcher.JwtMatcher] is not eligible for getting processed by all BeanPostProcessors (for example: not eligible for auto-proxying)
2020-12-19 17:55:09.716  INFO 2948 --- [main] trationDelegate$BeanPostProcessorChecker : Bean 'jwtRealm' of type [xyz.scootaloo.bootshiro.security.realm.JwtRealm] is not eligible for getting processed by all BeanPostProcessors (for example: not eligible for auto-proxying)
2020-12-19 17:55:09.724  INFO 2948 --- [main] trationDelegate$BeanPostProcessorChecker : Bean 'passwordMatcher' of type [xyz.scootaloo.bootshiro.security.matcher.PasswordMatcher] is not eligible for getting processed by all BeanPostProcessors (for example: not eligible for auto-proxying)
2020-12-19 17:55:09.761  INFO 2948 --- [main] trationDelegate$BeanPostProcessorChecker : Bean 'mybatis-org.mybatis.spring.boot.autoconfigure.MybatisProperties' of type [org.mybatis.spring.boot.autoconfigure.MybatisProperties] is not eligible for getting processed by all BeanPostProcessors (for example: not eligible for auto-proxying)
2020-12-19 17:55:09.764  INFO 2948 --- [main] trationDelegate$BeanPostProcessorChecker : Bean 'org.mybatis.spring.boot.autoconfigure.MybatisAutoConfiguration' of type [org.mybatis.spring.boot.autoconfigure.MybatisAutoConfiguration$$EnhancerBySpringCGLIB$$f6ec3904] is not eligible for getting processed by all BeanPostProcessors (for example: not eligible for auto-proxying)
2020-12-19 17:55:09.771  INFO 2948 --- [main] trationDelegate$BeanPostProcessorChecker : Bean 'dataSourceConfig' of type [xyz.scootaloo.bootshiro.config.DataSourceConfig$$EnhancerBySpringCGLIB$$cd341469] is not eligible for getting processed by all BeanPostProcessors (for example: not eligible for auto-proxying)
2020-12-19 17:55:09.794  INFO 2948 --- [main] trationDelegate$BeanPostProcessorChecker : Bean 'dataSource' of type [com.alibaba.druid.pool.DruidDataSource] is not eligible for getting processed by all BeanPostProcessors (for example: not eligible for auto-proxying)
2020-12-19 17:55:09.823  INFO 2948 --- [main] trationDelegate$BeanPostProcessorChecker : Bean 'spring.datasource-org.springframework.boot.autoconfigure.jdbc.DataSourceProperties' of type [org.springframework.boot.autoconfigure.jdbc.DataSourceProperties] is not eligible for getting processed by all BeanPostProcessors (for example: not eligible for auto-proxying)
2020-12-19 17:55:09.827  INFO 2948 --- [main] trationDelegate$BeanPostProcessorChecker : Bean 'org.springframework.boot.autoconfigure.jdbc.DataSourceInitializerInvoker' of type [org.springframework.boot.autoconfigure.jdbc.DataSourceInitializerInvoker] is not eligible for getting processed by all BeanPostProcessors (for example: not eligible for auto-proxying)
2020-12-19 17:55:09.998  INFO 2948 --- [main] trationDelegate$BeanPostProcessorChecker : Bean 'sqlSessionFactory' of type [org.apache.ibatis.session.defaults.DefaultSqlSessionFactory] is not eligible for getting processed by all BeanPostProcessors (for example: not eligible for auto-proxying)
2020-12-19 17:55:09.998  INFO 2948 --- [main] trationDelegate$BeanPostProcessorChecker : Bean 'sqlSessionTemplate' of type [org.mybatis.spring.SqlSessionTemplate] is not eligible for getting processed by all BeanPostProcessors (for example: not eligible for auto-proxying)
2020-12-19 17:55:09.998  INFO 2948 --- [main] trationDelegate$BeanPostProcessorChecker : Bean 'authUserMapper' of type [org.mybatis.spring.mapper.MapperFactoryBean] is not eligible for getting processed by all BeanPostProcessors (for example: not eligible for auto-proxying)
2020-12-19 17:55:09.998  INFO 2948 --- [main] trationDelegate$BeanPostProcessorChecker : Bean 'authUserMapper' of type [com.sun.proxy.$Proxy65] is not eligible for getting processed by all BeanPostProcessors (for example: not eligible for auto-proxying)
2020-12-19 17:55:09.998  INFO 2948 --- [main] trationDelegate$BeanPostProcessorChecker : Bean 'authUserRoleMapper' of type [org.mybatis.spring.mapper.MapperFactoryBean] is not eligible for getting processed by all BeanPostProcessors (for example: not eligible for auto-proxying)
2020-12-19 17:55:09.998  INFO 2948 --- [main] trationDelegate$BeanPostProcessorChecker : Bean 'authUserRoleMapper' of type [com.sun.proxy.$Proxy66] is not eligible for getting processed by all BeanPostProcessors (for example: not eligible for auto-proxying)
2020-12-19 17:55:09.998  INFO 2948 --- [main] trationDelegate$BeanPostProcessorChecker : Bean 'userService' of type [xyz.scootaloo.bootshiro.service.UserService] is not eligible for getting processed by all BeanPostProcessors (for example: not eligible for auto-proxying)
2020-12-19 17:55:09.998  INFO 2948 --- [main] trationDelegate$BeanPostProcessorChecker : Bean 'accountService' of type [xyz.scootaloo.bootshiro.service.AccountService] is not eligible for getting processed by all BeanPostProcessors (for example: not eligible for auto-proxying)
2020-12-19 17:55:09.998  INFO 2948 --- [main] trationDelegate$BeanPostProcessorChecker : Bean 'databaseAccountProvider' of type [xyz.scootaloo.bootshiro.security.provider.impl.DatabaseAccountProvider] is not eligible for getting processed by all BeanPostProcessors (for example: not eligible for auto-proxying)
2020-12-19 17:55:09.998  INFO 2948 --- [main] trationDelegate$BeanPostProcessorChecker : Bean 'passwordRealm' of type [xyz.scootaloo.bootshiro.security.realm.PasswordRealm] is not eligible for getting processed by all BeanPostProcessors (for example: not eligible for auto-proxying)
2020-12-19 17:55:09.998  INFO 2948 --- [main] trationDelegate$BeanPostProcessorChecker : Bean 'realmManager' of type [xyz.scootaloo.bootshiro.security.realm.RealmManager] is not eligible for getting processed by all BeanPostProcessors (for example: not eligible for auto-proxying)
2020-12-19 17:55:10.058  INFO 2948 --- [main] trationDelegate$BeanPostProcessorChecker : Bean 'securityManager' of type [org.apache.shiro.web.mgt.DefaultWebSecurityManager] is not eligible for getting processed by all BeanPostProcessors (for example: not eligible for auto-proxying)
2020-12-19 17:55:10.066  INFO 2948 --- [main] trationDelegate$BeanPostProcessorChecker : Bean 'authResourceMapper' of type [org.mybatis.spring.mapper.MapperFactoryBean] is not eligible for getting processed by all BeanPostProcessors (for example: not eligible for auto-proxying)
2020-12-19 17:55:10.066  INFO 2948 --- [main] trationDelegate$BeanPostProcessorChecker : Bean 'authResourceMapper' of type [com.sun.proxy.$Proxy67] is not eligible for getting processed by all BeanPostProcessors (for example: not eligible for auto-proxying)
2020-12-19 17:55:10.066  INFO 2948 --- [main] trationDelegate$BeanPostProcessorChecker : Bean 'ShiroFilterRulesProvider' of type [xyz.scootaloo.bootshiro.security.provider.impl.DatabaseShiroFilterRulesProvider] is not eligible for getting processed by all BeanPostProcessors (for example: not eligible for auto-proxying)
2020-12-19 17:55:10.066  INFO 2948 --- [main] trationDelegate$BeanPostProcessorChecker : Bean 'org.springframework.boot.autoconfigure.data.redis.RedisAutoConfiguration' of type [org.springframework.boot.autoconfigure.data.redis.RedisAutoConfiguration] is not eligible for getting processed by all BeanPostProcessors (for example: not eligible for auto-proxying)
2020-12-19 17:55:10.066  INFO 2948 --- [main] trationDelegate$BeanPostProcessorChecker : Bean 'spring.redis-org.springframework.boot.autoconfigure.data.redis.RedisProperties' of type [org.springframework.boot.autoconfigure.data.redis.RedisProperties] is not eligible for getting processed by all BeanPostProcessors (for example: not eligible for auto-proxying)
2020-12-19 17:55:10.066  INFO 2948 --- [main] trationDelegate$BeanPostProcessorChecker : Bean 'org.springframework.boot.autoconfigure.data.redis.JedisConnectionConfiguration' of type [org.springframework.boot.autoconfigure.data.redis.JedisConnectionConfiguration] is not eligible for getting processed by all BeanPostProcessors (for example: not eligible for auto-proxying)
2020-12-19 17:55:10.082  INFO 2948 --- [main] trationDelegate$BeanPostProcessorChecker : Bean 'redisConnectionFactory' of type [org.springframework.data.redis.connection.jedis.JedisConnectionFactory] is not eligible for getting processed by all BeanPostProcessors (for example: not eligible for auto-proxying)
2020-12-19 17:55:10.114  INFO 2948 --- [main] trationDelegate$BeanPostProcessorChecker : Bean 'stringRedisTemplate' of type [org.springframework.data.redis.core.StringRedisTemplate] is not eligible for getting processed by all BeanPostProcessors (for example: not eligible for auto-proxying)
2020-12-19 17:55:10.130  INFO 2948 --- [main] trationDelegate$BeanPostProcessorChecker : Bean 'taskManager' of type [xyz.scootaloo.bootshiro.support.TaskManager] is not eligible for getting processed by all BeanPostProcessors (for example: not eligible for auto-proxying)
2020-12-19 17:55:10.130  INFO 2948 --- [main] trationDelegate$BeanPostProcessorChecker : Bean 'shiroFilterChainManager' of type [xyz.scootaloo.bootshiro.security.filter.ShiroFilterChainManager] is not eligible for getting processed by all BeanPostProcessors (for example: not eligible for auto-proxying)
2020-12-19 17:55:10.225  INFO 2948 --- [main] com.alibaba.druid.pool.DruidDataSource   : {dataSource-1} inited
2020-12-19 17:55:10.225 DEBUG 2948 --- [main] x.s.b.m.A.selectRoleRules                : ==>  Preparing: select CONCAT(re.URI, '==', UCASE(re.method)) as url, GROUP_CONCAT(rol.CODE ORDER BY re.URI) as needRoles from auth_resource re LEFT JOIN auth_role_resource ro on re.id = ro.RESOURCE_ID LEFT JOIN auth_role rol on ro.ROLE_ID = rol.ID where re.type = 2 GROUP BY re.URI,re.ID
2020-12-19 17:55:10.305 DEBUG 2948 --- [main] x.s.b.m.A.selectRoleRules                : ==> Parameters: 
2020-12-19 17:55:10.321 DEBUG 2948 --- [main] x.s.b.m.A.selectRoleRules                : <==      Total: 27
2020-12-19 17:55:10.451  INFO 2948 --- [main] o.s.b.w.embedded.tomcat.TomcatWebServer  : Tomcat initialized with port(s): 8080 (http)
2020-12-19 17:55:10.451  INFO 2948 --- [main] o.apache.catalina.core.StandardService   : Starting service [Tomcat]
2020-12-19 17:55:10.451  INFO 2948 --- [main] org.apache.catalina.core.StandardEngine  : Starting Servlet engine: [Apache Tomcat/9.0.39]
2020-12-19 17:55:10.515  INFO 2948 --- [main] o.a.c.c.C.[Tomcat].[localhost].[/]       : Initializing Spring embedded WebApplicationContext
2020-12-19 17:55:10.515  INFO 2948 --- [main] w.s.c.ServletWebServerApplicationContext : Root WebApplicationContext: initialization completed in 1796 ms
2020-12-19 17:55:10.515  INFO 2948 --- [main] x.s.bootshiro.config.DruidConfig         : init Druid Servlet Configuration.
2020-12-19 17:55:10.811  INFO 2948 --- [main] pertySourcedRequestMappingHandlerMapping : Mapped URL path [/v2/api-docs] onto method [springfox.documentation.swagger2.web.Swagger2Controller#getDocumentation(String, HttpServletRequest)]
2020-12-19 17:55:10.875  INFO 2948 --- [main] o.s.s.concurrent.ThreadPoolTaskExecutor  : Initializing ExecutorService 'applicationTaskExecutor'
2020-12-19 17:55:11.056  INFO 2948 --- [main] o.s.b.w.embedded.tomcat.TomcatWebServer  : Tomcat started on port(s): 8080 (http) with context path ''
2020-12-19 17:55:11.056  INFO 2948 --- [main] d.s.w.p.DocumentationPluginsBootstrapper : Context refreshed
2020-12-19 17:55:11.067  INFO 2948 --- [main] d.s.w.p.DocumentationPluginsBootstrapper : Found 1 custom documentation plugin(s)
2020-12-19 17:55:11.089  INFO 2948 --- [main] s.d.s.w.s.ApiListingReferenceScanner     : Scanning for api listing references
2020-12-19 17:55:11.226  INFO 2948 --- [main] x.s.bootshiro.BootShiroApplication       : Started BootShiroApplication in 2.935 seconds (JVM running for 3.991)
2020-12-19 17:55:35.697  INFO 5504 --- [main] x.s.bootshiro.mapper.RoleMapperTest      : Starting RoleMapperTest using Java 11 on TWILIGHT with PID 5504 (started by Twilight Rarity in D:\proj\nProject\myBootShiro)
2020-12-19 17:55:35.697 DEBUG 5504 --- [main] x.s.bootshiro.mapper.RoleMapperTest      : Running with Spring Boot v2.4.0, Spring v5.3.1
2020-12-19 17:55:35.697  INFO 5504 --- [main] x.s.bootshiro.mapper.RoleMapperTest      : The following profiles are active: dev
2020-12-19 17:55:36.590  INFO 5504 --- [main] .s.d.r.c.RepositoryConfigurationDelegate : Multiple Spring Data modules found, entering strict repository configuration mode!
2020-12-19 17:55:36.606  INFO 5504 --- [main] .s.d.r.c.RepositoryConfigurationDelegate : Bootstrapping Spring Data Redis repositories in DEFAULT mode.
2020-12-19 17:55:36.625  INFO 5504 --- [main] .s.d.r.c.RepositoryConfigurationDelegate : Finished Spring Data repository scanning in 18 ms. Found 0 Redis repository interfaces.
2020-12-19 17:55:36.977  INFO 5504 --- [main] trationDelegate$BeanPostProcessorChecker : Bean 'shiroConfig' of type [xyz.scootaloo.bootshiro.security.config.ShiroConfig$$EnhancerBySpringCGLIB$$bda4fe27] is not eligible for getting processed by all BeanPostProcessors (for example: not eligible for auto-proxying)
2020-12-19 17:55:36.993  INFO 5504 --- [main] trationDelegate$BeanPostProcessorChecker : Bean 'jwtMatcher' of type [xyz.scootaloo.bootshiro.security.matcher.JwtMatcher] is not eligible for getting processed by all BeanPostProcessors (for example: not eligible for auto-proxying)
2020-12-19 17:55:36.993  INFO 5504 --- [main] trationDelegate$BeanPostProcessorChecker : Bean 'jwtRealm' of type [xyz.scootaloo.bootshiro.security.realm.JwtRealm] is not eligible for getting processed by all BeanPostProcessors (for example: not eligible for auto-proxying)
2020-12-19 17:55:37.009  INFO 5504 --- [main] trationDelegate$BeanPostProcessorChecker : Bean 'passwordMatcher' of type [xyz.scootaloo.bootshiro.security.matcher.PasswordMatcher] is not eligible for getting processed by all BeanPostProcessors (for example: not eligible for auto-proxying)
2020-12-19 17:55:37.050  INFO 5504 --- [main] trationDelegate$BeanPostProcessorChecker : Bean 'mybatis-org.mybatis.spring.boot.autoconfigure.MybatisProperties' of type [org.mybatis.spring.boot.autoconfigure.MybatisProperties] is not eligible for getting processed by all BeanPostProcessors (for example: not eligible for auto-proxying)
2020-12-19 17:55:37.050  INFO 5504 --- [main] trationDelegate$BeanPostProcessorChecker : Bean 'org.mybatis.spring.boot.autoconfigure.MybatisAutoConfiguration' of type [org.mybatis.spring.boot.autoconfigure.MybatisAutoConfiguration$$EnhancerBySpringCGLIB$$91a8ff20] is not eligible for getting processed by all BeanPostProcessors (for example: not eligible for auto-proxying)
2020-12-19 17:55:37.067  INFO 5504 --- [main] trationDelegate$BeanPostProcessorChecker : Bean 'dataSourceConfig' of type [xyz.scootaloo.bootshiro.config.DataSourceConfig$$EnhancerBySpringCGLIB$$67f0da85] is not eligible for getting processed by all BeanPostProcessors (for example: not eligible for auto-proxying)
2020-12-19 17:55:37.156  INFO 5504 --- [main] trationDelegate$BeanPostProcessorChecker : Bean 'dataSource' of type [com.alibaba.druid.pool.DruidDataSource] is not eligible for getting processed by all BeanPostProcessors (for example: not eligible for auto-proxying)
2020-12-19 17:55:37.188  INFO 5504 --- [main] trationDelegate$BeanPostProcessorChecker : Bean 'spring.datasource-org.springframework.boot.autoconfigure.jdbc.DataSourceProperties' of type [org.springframework.boot.autoconfigure.jdbc.DataSourceProperties] is not eligible for getting processed by all BeanPostProcessors (for example: not eligible for auto-proxying)
2020-12-19 17:55:37.204  INFO 5504 --- [main] trationDelegate$BeanPostProcessorChecker : Bean 'org.springframework.boot.autoconfigure.jdbc.DataSourceInitializerInvoker' of type [org.springframework.boot.autoconfigure.jdbc.DataSourceInitializerInvoker] is not eligible for getting processed by all BeanPostProcessors (for example: not eligible for auto-proxying)
2020-12-19 17:55:37.452  INFO 5504 --- [main] trationDelegate$BeanPostProcessorChecker : Bean 'sqlSessionFactory' of type [org.apache.ibatis.session.defaults.DefaultSqlSessionFactory] is not eligible for getting processed by all BeanPostProcessors (for example: not eligible for auto-proxying)
2020-12-19 17:55:37.469  INFO 5504 --- [main] trationDelegate$BeanPostProcessorChecker : Bean 'sqlSessionTemplate' of type [org.mybatis.spring.SqlSessionTemplate] is not eligible for getting processed by all BeanPostProcessors (for example: not eligible for auto-proxying)
2020-12-19 17:55:37.469  INFO 5504 --- [main] trationDelegate$BeanPostProcessorChecker : Bean 'authUserMapper' of type [org.mybatis.spring.mapper.MapperFactoryBean] is not eligible for getting processed by all BeanPostProcessors (for example: not eligible for auto-proxying)
2020-12-19 17:55:37.469  INFO 5504 --- [main] trationDelegate$BeanPostProcessorChecker : Bean 'authUserMapper' of type [com.sun.proxy.$Proxy86] is not eligible for getting processed by all BeanPostProcessors (for example: not eligible for auto-proxying)
2020-12-19 17:55:37.469  INFO 5504 --- [main] trationDelegate$BeanPostProcessorChecker : Bean 'authUserRoleMapper' of type [org.mybatis.spring.mapper.MapperFactoryBean] is not eligible for getting processed by all BeanPostProcessors (for example: not eligible for auto-proxying)
2020-12-19 17:55:37.469  INFO 5504 --- [main] trationDelegate$BeanPostProcessorChecker : Bean 'authUserRoleMapper' of type [com.sun.proxy.$Proxy87] is not eligible for getting processed by all BeanPostProcessors (for example: not eligible for auto-proxying)
2020-12-19 17:55:37.469  INFO 5504 --- [main] trationDelegate$BeanPostProcessorChecker : Bean 'userService' of type [xyz.scootaloo.bootshiro.service.UserService] is not eligible for getting processed by all BeanPostProcessors (for example: not eligible for auto-proxying)
2020-12-19 17:55:37.469  INFO 5504 --- [main] trationDelegate$BeanPostProcessorChecker : Bean 'accountService' of type [xyz.scootaloo.bootshiro.service.AccountService] is not eligible for getting processed by all BeanPostProcessors (for example: not eligible for auto-proxying)
2020-12-19 17:55:37.485  INFO 5504 --- [main] trationDelegate$BeanPostProcessorChecker : Bean 'databaseAccountProvider' of type [xyz.scootaloo.bootshiro.security.provider.impl.DatabaseAccountProvider] is not eligible for getting processed by all BeanPostProcessors (for example: not eligible for auto-proxying)
2020-12-19 17:55:37.485  INFO 5504 --- [main] trationDelegate$BeanPostProcessorChecker : Bean 'passwordRealm' of type [xyz.scootaloo.bootshiro.security.realm.PasswordRealm] is not eligible for getting processed by all BeanPostProcessors (for example: not eligible for auto-proxying)
2020-12-19 17:55:37.485  INFO 5504 --- [main] trationDelegate$BeanPostProcessorChecker : Bean 'realmManager' of type [xyz.scootaloo.bootshiro.security.realm.RealmManager] is not eligible for getting processed by all BeanPostProcessors (for example: not eligible for auto-proxying)
2020-12-19 17:55:38.008  INFO 5504 --- [main] trationDelegate$BeanPostProcessorChecker : Bean 'securityManager' of type [org.apache.shiro.web.mgt.DefaultWebSecurityManager] is not eligible for getting processed by all BeanPostProcessors (for example: not eligible for auto-proxying)
2020-12-19 17:55:38.027  INFO 5504 --- [main] trationDelegate$BeanPostProcessorChecker : Bean 'org.springframework.boot.autoconfigure.data.redis.RedisAutoConfiguration' of type [org.springframework.boot.autoconfigure.data.redis.RedisAutoConfiguration] is not eligible for getting processed by all BeanPostProcessors (for example: not eligible for auto-proxying)
2020-12-19 17:55:38.038  INFO 5504 --- [main] trationDelegate$BeanPostProcessorChecker : Bean 'spring.redis-org.springframework.boot.autoconfigure.data.redis.RedisProperties' of type [org.springframework.boot.autoconfigure.data.redis.RedisProperties] is not eligible for getting processed by all BeanPostProcessors (for example: not eligible for auto-proxying)
2020-12-19 17:55:38.038  INFO 5504 --- [main] trationDelegate$BeanPostProcessorChecker : Bean 'org.springframework.boot.autoconfigure.data.redis.JedisConnectionConfiguration' of type [org.springframework.boot.autoconfigure.data.redis.JedisConnectionConfiguration] is not eligible for getting processed by all BeanPostProcessors (for example: not eligible for auto-proxying)
2020-12-19 17:55:38.171  INFO 5504 --- [main] trationDelegate$BeanPostProcessorChecker : Bean 'redisConnectionFactory' of type [org.springframework.data.redis.connection.jedis.JedisConnectionFactory] is not eligible for getting processed by all BeanPostProcessors (for example: not eligible for auto-proxying)
2020-12-19 17:55:38.258  INFO 5504 --- [main] trationDelegate$BeanPostProcessorChecker : Bean 'stringRedisTemplate' of type [org.springframework.data.redis.core.StringRedisTemplate] is not eligible for getting processed by all BeanPostProcessors (for example: not eligible for auto-proxying)
2020-12-19 17:55:38.266  INFO 5504 --- [main] trationDelegate$BeanPostProcessorChecker : Bean 'taskManager' of type [xyz.scootaloo.bootshiro.support.TaskManager] is not eligible for getting processed by all BeanPostProcessors (for example: not eligible for auto-proxying)
2020-12-19 17:55:38.271  INFO 5504 --- [main] trationDelegate$BeanPostProcessorChecker : Bean 'authResourceMapper' of type [org.mybatis.spring.mapper.MapperFactoryBean] is not eligible for getting processed by all BeanPostProcessors (for example: not eligible for auto-proxying)
2020-12-19 17:55:38.275  INFO 5504 --- [main] trationDelegate$BeanPostProcessorChecker : Bean 'authResourceMapper' of type [com.sun.proxy.$Proxy90] is not eligible for getting processed by all BeanPostProcessors (for example: not eligible for auto-proxying)
2020-12-19 17:55:38.277  INFO 5504 --- [main] trationDelegate$BeanPostProcessorChecker : Bean 'ShiroFilterRulesProvider' of type [xyz.scootaloo.bootshiro.security.provider.impl.DatabaseShiroFilterRulesProvider] is not eligible for getting processed by all BeanPostProcessors (for example: not eligible for auto-proxying)
2020-12-19 17:55:38.278  INFO 5504 --- [main] trationDelegate$BeanPostProcessorChecker : Bean 'shiroFilterChainManager' of type [xyz.scootaloo.bootshiro.security.filter.ShiroFilterChainManager] is not eligible for getting processed by all BeanPostProcessors (for example: not eligible for auto-proxying)
2020-12-19 17:55:38.530  INFO 5504 --- [main] com.alibaba.druid.pool.DruidDataSource   : {dataSource-1} inited
2020-12-19 17:55:38.541 DEBUG 5504 --- [main] x.s.b.m.A.selectRoleRules                : ==>  Preparing: select CONCAT(re.URI, '==', UCASE(re.method)) as url, GROUP_CONCAT(rol.CODE ORDER BY re.URI) as needRoles from auth_resource re LEFT JOIN auth_role_resource ro on re.id = ro.RESOURCE_ID LEFT JOIN auth_role rol on ro.ROLE_ID = rol.ID where re.type = 2 GROUP BY re.URI,re.ID
2020-12-19 17:55:38.683 DEBUG 5504 --- [main] x.s.b.m.A.selectRoleRules                : ==> Parameters: 
2020-12-19 17:55:38.712 DEBUG 5504 --- [main] x.s.b.m.A.selectRoleRules                : <==      Total: 27
2020-12-19 17:55:39.168  INFO 5504 --- [main] x.s.bootshiro.config.DruidConfig         : init Druid Servlet Configuration.
2020-12-19 17:55:39.360  INFO 5504 --- [main] pertySourcedRequestMappingHandlerMapping : Mapped URL path [/v2/api-docs] onto method [springfox.documentation.swagger2.web.Swagger2Controller#getDocumentation(String, HttpServletRequest)]
2020-12-19 17:55:39.651  INFO 5504 --- [main] o.s.s.concurrent.ThreadPoolTaskExecutor  : Initializing ExecutorService 'applicationTaskExecutor'
2020-12-19 17:55:40.012  INFO 5504 --- [main] d.s.w.p.DocumentationPluginsBootstrapper : Context refreshed
2020-12-19 17:55:40.037  INFO 5504 --- [main] d.s.w.p.DocumentationPluginsBootstrapper : Found 1 custom documentation plugin(s)
2020-12-19 17:55:40.069  INFO 5504 --- [main] s.d.s.w.s.ApiListingReferenceScanner     : Scanning for api listing references
2020-12-19 17:55:40.314  INFO 5504 --- [main] x.s.bootshiro.mapper.RoleMapperTest      : Started RoleMapperTest in 4.953 seconds (JVM running for 6.006)
2020-12-19 17:55:40.663 DEBUG 5504 --- [main] x.s.b.m.A.selectRoleRules                : ==>  Preparing: select CONCAT(re.URI, '==', UCASE(re.method)) as url, GROUP_CONCAT(rol.CODE ORDER BY re.URI) as needRoles from auth_resource re LEFT JOIN auth_role_resource ro on re.id = ro.RESOURCE_ID LEFT JOIN auth_role rol on ro.ROLE_ID = rol.ID where re.type = 2 GROUP BY re.URI,re.ID
2020-12-19 17:55:40.663 DEBUG 5504 --- [main] x.s.b.m.A.selectRoleRules                : ==> Parameters: 
2020-12-19 17:55:40.663 DEBUG 5504 --- [main] x.s.b.m.A.selectRoleRules                : <==      Total: 27
2020-12-19 17:55:40.679  INFO 5504 --- [SpringContextShutdownHook] o.s.s.concurrent.ThreadPoolTaskExecutor  : Shutting down ExecutorService 'applicationTaskExecutor'
2020-12-19 17:55:40.699  INFO 5504 --- [SpringContextShutdownHook] com.alibaba.druid.pool.DruidDataSource   : {dataSource-1} closed
2020-12-19 18:07:16.037  INFO 18260 --- [main] x.s.bootshiro.mapper.RoleMapperTest      : Starting RoleMapperTest using Java 11 on TWILIGHT with PID 18260 (started by Twilight Rarity in D:\proj\nProject\myBootShiro)
2020-12-19 18:07:16.038 DEBUG 18260 --- [main] x.s.bootshiro.mapper.RoleMapperTest      : Running with Spring Boot v2.4.0, Spring v5.3.1
2020-12-19 18:07:16.039  INFO 18260 --- [main] x.s.bootshiro.mapper.RoleMapperTest      : The following profiles are active: dev
2020-12-19 18:07:17.052  INFO 18260 --- [main] .s.d.r.c.RepositoryConfigurationDelegate : Multiple Spring Data modules found, entering strict repository configuration mode!
2020-12-19 18:07:17.052  INFO 18260 --- [main] .s.d.r.c.RepositoryConfigurationDelegate : Bootstrapping Spring Data Redis repositories in DEFAULT mode.
2020-12-19 18:07:17.099  INFO 18260 --- [main] .s.d.r.c.RepositoryConfigurationDelegate : Finished Spring Data repository scanning in 29 ms. Found 0 Redis repository interfaces.
2020-12-19 18:07:17.411  INFO 18260 --- [main] trationDelegate$BeanPostProcessorChecker : Bean 'shiroConfig' of type [xyz.scootaloo.bootshiro.security.config.ShiroConfig$$EnhancerBySpringCGLIB$$bda4fe27] is not eligible for getting processed by all BeanPostProcessors (for example: not eligible for auto-proxying)
2020-12-19 18:07:17.411  INFO 18260 --- [main] trationDelegate$BeanPostProcessorChecker : Bean 'passwordMatcher' of type [xyz.scootaloo.bootshiro.security.matcher.PasswordMatcher] is not eligible for getting processed by all BeanPostProcessors (for example: not eligible for auto-proxying)
2020-12-19 18:07:17.458  INFO 18260 --- [main] trationDelegate$BeanPostProcessorChecker : Bean 'mybatis-org.mybatis.spring.boot.autoconfigure.MybatisProperties' of type [org.mybatis.spring.boot.autoconfigure.MybatisProperties] is not eligible for getting processed by all BeanPostProcessors (for example: not eligible for auto-proxying)
2020-12-19 18:07:17.458  INFO 18260 --- [main] trationDelegate$BeanPostProcessorChecker : Bean 'org.mybatis.spring.boot.autoconfigure.MybatisAutoConfiguration' of type [org.mybatis.spring.boot.autoconfigure.MybatisAutoConfiguration$$EnhancerBySpringCGLIB$$91a8ff20] is not eligible for getting processed by all BeanPostProcessors (for example: not eligible for auto-proxying)
2020-12-19 18:07:17.476  INFO 18260 --- [main] trationDelegate$BeanPostProcessorChecker : Bean 'dataSourceConfig' of type [xyz.scootaloo.bootshiro.config.DataSourceConfig$$EnhancerBySpringCGLIB$$67f0da85] is not eligible for getting processed by all BeanPostProcessors (for example: not eligible for auto-proxying)
2020-12-19 18:07:17.540  INFO 18260 --- [main] trationDelegate$BeanPostProcessorChecker : Bean 'dataSource' of type [com.alibaba.druid.pool.DruidDataSource] is not eligible for getting processed by all BeanPostProcessors (for example: not eligible for auto-proxying)
2020-12-19 18:07:17.602  INFO 18260 --- [main] trationDelegate$BeanPostProcessorChecker : Bean 'spring.datasource-org.springframework.boot.autoconfigure.jdbc.DataSourceProperties' of type [org.springframework.boot.autoconfigure.jdbc.DataSourceProperties] is not eligible for getting processed by all BeanPostProcessors (for example: not eligible for auto-proxying)
2020-12-19 18:07:17.602  INFO 18260 --- [main] trationDelegate$BeanPostProcessorChecker : Bean 'org.springframework.boot.autoconfigure.jdbc.DataSourceInitializerInvoker' of type [org.springframework.boot.autoconfigure.jdbc.DataSourceInitializerInvoker] is not eligible for getting processed by all BeanPostProcessors (for example: not eligible for auto-proxying)
2020-12-19 18:07:17.848  INFO 18260 --- [main] trationDelegate$BeanPostProcessorChecker : Bean 'sqlSessionFactory' of type [org.apache.ibatis.session.defaults.DefaultSqlSessionFactory] is not eligible for getting processed by all BeanPostProcessors (for example: not eligible for auto-proxying)
2020-12-19 18:07:17.848  INFO 18260 --- [main] trationDelegate$BeanPostProcessorChecker : Bean 'sqlSessionTemplate' of type [org.mybatis.spring.SqlSessionTemplate] is not eligible for getting processed by all BeanPostProcessors (for example: not eligible for auto-proxying)
2020-12-19 18:07:17.848  INFO 18260 --- [main] trationDelegate$BeanPostProcessorChecker : Bean 'authUserMapper' of type [org.mybatis.spring.mapper.MapperFactoryBean] is not eligible for getting processed by all BeanPostProcessors (for example: not eligible for auto-proxying)
2020-12-19 18:07:17.863  INFO 18260 --- [main] trationDelegate$BeanPostProcessorChecker : Bean 'authUserMapper' of type [com.sun.proxy.$Proxy86] is not eligible for getting processed by all BeanPostProcessors (for example: not eligible for auto-proxying)
2020-12-19 18:07:17.863  INFO 18260 --- [main] trationDelegate$BeanPostProcessorChecker : Bean 'authUserRoleMapper' of type [org.mybatis.spring.mapper.MapperFactoryBean] is not eligible for getting processed by all BeanPostProcessors (for example: not eligible for auto-proxying)
2020-12-19 18:07:17.863  INFO 18260 --- [main] trationDelegate$BeanPostProcessorChecker : Bean 'authUserRoleMapper' of type [com.sun.proxy.$Proxy87] is not eligible for getting processed by all BeanPostProcessors (for example: not eligible for auto-proxying)
2020-12-19 18:07:17.863  INFO 18260 --- [main] trationDelegate$BeanPostProcessorChecker : Bean 'userService' of type [xyz.scootaloo.bootshiro.service.UserService] is not eligible for getting processed by all BeanPostProcessors (for example: not eligible for auto-proxying)
2020-12-19 18:07:17.863  INFO 18260 --- [main] trationDelegate$BeanPostProcessorChecker : Bean 'accountService' of type [xyz.scootaloo.bootshiro.service.AccountService] is not eligible for getting processed by all BeanPostProcessors (for example: not eligible for auto-proxying)
2020-12-19 18:07:17.863  INFO 18260 --- [main] trationDelegate$BeanPostProcessorChecker : Bean 'databaseAccountProvider' of type [xyz.scootaloo.bootshiro.security.provider.impl.DatabaseAccountProvider] is not eligible for getting processed by all BeanPostProcessors (for example: not eligible for auto-proxying)
2020-12-19 18:07:17.863  INFO 18260 --- [main] trationDelegate$BeanPostProcessorChecker : Bean 'passwordRealm' of type [xyz.scootaloo.bootshiro.security.realm.PasswordRealm] is not eligible for getting processed by all BeanPostProcessors (for example: not eligible for auto-proxying)
2020-12-19 18:07:17.879  INFO 18260 --- [main] trationDelegate$BeanPostProcessorChecker : Bean 'jwtMatcher' of type [xyz.scootaloo.bootshiro.security.matcher.JwtMatcher] is not eligible for getting processed by all BeanPostProcessors (for example: not eligible for auto-proxying)
2020-12-19 18:07:17.879  INFO 18260 --- [main] trationDelegate$BeanPostProcessorChecker : Bean 'jwtRealm' of type [xyz.scootaloo.bootshiro.security.realm.JwtRealm] is not eligible for getting processed by all BeanPostProcessors (for example: not eligible for auto-proxying)
2020-12-19 18:07:17.879  INFO 18260 --- [main] trationDelegate$BeanPostProcessorChecker : Bean 'realmManager' of type [xyz.scootaloo.bootshiro.security.realm.RealmManager] is not eligible for getting processed by all BeanPostProcessors (for example: not eligible for auto-proxying)
2020-12-19 18:07:18.370  INFO 18260 --- [main] trationDelegate$BeanPostProcessorChecker : Bean 'securityManager' of type [org.apache.shiro.web.mgt.DefaultWebSecurityManager] is not eligible for getting processed by all BeanPostProcessors (for example: not eligible for auto-proxying)
2020-12-19 18:07:18.386  INFO 18260 --- [main] trationDelegate$BeanPostProcessorChecker : Bean 'org.springframework.boot.autoconfigure.data.redis.RedisAutoConfiguration' of type [org.springframework.boot.autoconfigure.data.redis.RedisAutoConfiguration] is not eligible for getting processed by all BeanPostProcessors (for example: not eligible for auto-proxying)
2020-12-19 18:07:18.386  INFO 18260 --- [main] trationDelegate$BeanPostProcessorChecker : Bean 'spring.redis-org.springframework.boot.autoconfigure.data.redis.RedisProperties' of type [org.springframework.boot.autoconfigure.data.redis.RedisProperties] is not eligible for getting processed by all BeanPostProcessors (for example: not eligible for auto-proxying)
2020-12-19 18:07:18.386  INFO 18260 --- [main] trationDelegate$BeanPostProcessorChecker : Bean 'org.springframework.boot.autoconfigure.data.redis.JedisConnectionConfiguration' of type [org.springframework.boot.autoconfigure.data.redis.JedisConnectionConfiguration] is not eligible for getting processed by all BeanPostProcessors (for example: not eligible for auto-proxying)
2020-12-19 18:07:18.464  INFO 18260 --- [main] trationDelegate$BeanPostProcessorChecker : Bean 'redisConnectionFactory' of type [org.springframework.data.redis.connection.jedis.JedisConnectionFactory] is not eligible for getting processed by all BeanPostProcessors (for example: not eligible for auto-proxying)
2020-12-19 18:07:18.527  INFO 18260 --- [main] trationDelegate$BeanPostProcessorChecker : Bean 'stringRedisTemplate' of type [org.springframework.data.redis.core.StringRedisTemplate] is not eligible for getting processed by all BeanPostProcessors (for example: not eligible for auto-proxying)
2020-12-19 18:07:18.527  INFO 18260 --- [main] trationDelegate$BeanPostProcessorChecker : Bean 'taskManager' of type [xyz.scootaloo.bootshiro.support.TaskManager] is not eligible for getting processed by all BeanPostProcessors (for example: not eligible for auto-proxying)
2020-12-19 18:07:18.527  INFO 18260 --- [main] trationDelegate$BeanPostProcessorChecker : Bean 'authResourceMapper' of type [org.mybatis.spring.mapper.MapperFactoryBean] is not eligible for getting processed by all BeanPostProcessors (for example: not eligible for auto-proxying)
2020-12-19 18:07:18.543  INFO 18260 --- [main] trationDelegate$BeanPostProcessorChecker : Bean 'authResourceMapper' of type [com.sun.proxy.$Proxy90] is not eligible for getting processed by all BeanPostProcessors (for example: not eligible for auto-proxying)
2020-12-19 18:07:18.544  INFO 18260 --- [main] trationDelegate$BeanPostProcessorChecker : Bean 'ShiroFilterRulesProvider' of type [xyz.scootaloo.bootshiro.security.provider.impl.DatabaseShiroFilterRulesProvider] is not eligible for getting processed by all BeanPostProcessors (for example: not eligible for auto-proxying)
2020-12-19 18:07:18.544  INFO 18260 --- [main] trationDelegate$BeanPostProcessorChecker : Bean 'shiroFilterChainManager' of type [xyz.scootaloo.bootshiro.security.filter.ShiroFilterChainManager] is not eligible for getting processed by all BeanPostProcessors (for example: not eligible for auto-proxying)
2020-12-19 18:07:18.719  INFO 18260 --- [main] com.alibaba.druid.pool.DruidDataSource   : {dataSource-1} inited
2020-12-19 18:07:18.719 DEBUG 18260 --- [main] x.s.b.m.A.selectRoleRules                : ==>  Preparing: select CONCAT(re.URI, '==', UCASE(re.method)) as url, GROUP_CONCAT(rol.CODE ORDER BY re.URI) as needRoles from auth_resource re LEFT JOIN auth_role_resource ro on re.id = ro.RESOURCE_ID LEFT JOIN auth_role rol on ro.ROLE_ID = rol.ID where re.type = 2 GROUP BY re.URI,re.ID
2020-12-19 18:07:18.846 DEBUG 18260 --- [main] x.s.b.m.A.selectRoleRules                : ==> Parameters: 
2020-12-19 18:07:18.884 DEBUG 18260 --- [main] x.s.b.m.A.selectRoleRules                : <==      Total: 27
2020-12-19 18:07:19.316  INFO 18260 --- [main] x.s.bootshiro.config.DruidConfig         : init Druid Servlet Configuration.
2020-12-19 18:07:19.541  INFO 18260 --- [main] pertySourcedRequestMappingHandlerMapping : Mapped URL path [/v2/api-docs] onto method [springfox.documentation.swagger2.web.Swagger2Controller#getDocumentation(String, HttpServletRequest)]
2020-12-19 18:07:19.859  INFO 18260 --- [main] o.s.s.concurrent.ThreadPoolTaskExecutor  : Initializing ExecutorService 'applicationTaskExecutor'
2020-12-19 18:07:20.203  INFO 18260 --- [main] d.s.w.p.DocumentationPluginsBootstrapper : Context refreshed
2020-12-19 18:07:20.235  INFO 18260 --- [main] d.s.w.p.DocumentationPluginsBootstrapper : Found 1 custom documentation plugin(s)
2020-12-19 18:07:20.266  INFO 18260 --- [main] s.d.s.w.s.ApiListingReferenceScanner     : Scanning for api listing references
2020-12-19 18:07:20.512  INFO 18260 --- [main] x.s.bootshiro.mapper.RoleMapperTest      : Started RoleMapperTest in 4.888 seconds (JVM running for 5.945)
2020-12-19 18:07:20.807 DEBUG 18260 --- [main] x.s.b.m.A.selectRoleRules                : ==>  Preparing: select CONCAT(re.URI, '==', UCASE(re.method)) as url, GROUP_CONCAT(rol.CODE ORDER BY re.URI) as needRoles from auth_resource re LEFT JOIN auth_role_resource ro on re.id = ro.RESOURCE_ID LEFT JOIN auth_role rol on ro.ROLE_ID = rol.ID where re.type = 2 GROUP BY re.URI,re.ID
2020-12-19 18:07:20.807 DEBUG 18260 --- [main] x.s.b.m.A.selectRoleRules                : ==> Parameters: 
2020-12-19 18:07:20.807 DEBUG 18260 --- [main] x.s.b.m.A.selectRoleRules                : <==      Total: 27
2020-12-19 18:07:20.823  INFO 18260 --- [SpringContextShutdownHook] o.s.s.concurrent.ThreadPoolTaskExecutor  : Shutting down ExecutorService 'applicationTaskExecutor'
2020-12-19 18:07:20.838  INFO 18260 --- [SpringContextShutdownHook] com.alibaba.druid.pool.DruidDataSource   : {dataSource-1} closed
2020-12-19 18:07:28.104  INFO 2060 --- [main] x.s.bootshiro.BootShiroApplication       : Starting BootShiroApplication using Java 11 on TWILIGHT with PID 2060 (D:\proj\nProject\myBootShiro\target\classes started by Twilight Rarity in D:\proj\nProject\myBootShiro)
2020-12-19 18:07:28.108  INFO 2060 --- [main] x.s.bootshiro.BootShiroApplication       : The following profiles are active: dev
2020-12-19 18:07:28.757  INFO 2060 --- [main] .s.d.r.c.RepositoryConfigurationDelegate : Multiple Spring Data modules found, entering strict repository configuration mode!
2020-12-19 18:07:28.757  INFO 2060 --- [main] .s.d.r.c.RepositoryConfigurationDelegate : Bootstrapping Spring Data Redis repositories in DEFAULT mode.
2020-12-19 18:07:28.772  INFO 2060 --- [main] .s.d.r.c.RepositoryConfigurationDelegate : Finished Spring Data repository scanning in 13 ms. Found 0 Redis repository interfaces.
2020-12-19 18:07:28.926  INFO 2060 --- [main] trationDelegate$BeanPostProcessorChecker : Bean 'shiroConfig' of type [xyz.scootaloo.bootshiro.security.config.ShiroConfig$$EnhancerBySpringCGLIB$$4c15c6dd] is not eligible for getting processed by all BeanPostProcessors (for example: not eligible for auto-proxying)
2020-12-19 18:07:28.941  INFO 2060 --- [main] trationDelegate$BeanPostProcessorChecker : Bean 'passwordMatcher' of type [xyz.scootaloo.bootshiro.security.matcher.PasswordMatcher] is not eligible for getting processed by all BeanPostProcessors (for example: not eligible for auto-proxying)
2020-12-19 18:07:28.957  INFO 2060 --- [main] trationDelegate$BeanPostProcessorChecker : Bean 'mybatis-org.mybatis.spring.boot.autoconfigure.MybatisProperties' of type [org.mybatis.spring.boot.autoconfigure.MybatisProperties] is not eligible for getting processed by all BeanPostProcessors (for example: not eligible for auto-proxying)
2020-12-19 18:07:28.973  INFO 2060 --- [main] trationDelegate$BeanPostProcessorChecker : Bean 'org.mybatis.spring.boot.autoconfigure.MybatisAutoConfiguration' of type [org.mybatis.spring.boot.autoconfigure.MybatisAutoConfiguration$$EnhancerBySpringCGLIB$$2019c7d6] is not eligible for getting processed by all BeanPostProcessors (for example: not eligible for auto-proxying)
2020-12-19 18:07:28.973  INFO 2060 --- [main] trationDelegate$BeanPostProcessorChecker : Bean 'dataSourceConfig' of type [xyz.scootaloo.bootshiro.config.DataSourceConfig$$EnhancerBySpringCGLIB$$f661a33b] is not eligible for getting processed by all BeanPostProcessors (for example: not eligible for auto-proxying)
2020-12-19 18:07:29.005  INFO 2060 --- [main] trationDelegate$BeanPostProcessorChecker : Bean 'dataSource' of type [com.alibaba.druid.pool.DruidDataSource] is not eligible for getting processed by all BeanPostProcessors (for example: not eligible for auto-proxying)
2020-12-19 18:07:29.020  INFO 2060 --- [main] trationDelegate$BeanPostProcessorChecker : Bean 'spring.datasource-org.springframework.boot.autoconfigure.jdbc.DataSourceProperties' of type [org.springframework.boot.autoconfigure.jdbc.DataSourceProperties] is not eligible for getting processed by all BeanPostProcessors (for example: not eligible for auto-proxying)
2020-12-19 18:07:29.036  INFO 2060 --- [main] trationDelegate$BeanPostProcessorChecker : Bean 'org.springframework.boot.autoconfigure.jdbc.DataSourceInitializerInvoker' of type [org.springframework.boot.autoconfigure.jdbc.DataSourceInitializerInvoker] is not eligible for getting processed by all BeanPostProcessors (for example: not eligible for auto-proxying)
2020-12-19 18:07:29.197  INFO 2060 --- [main] trationDelegate$BeanPostProcessorChecker : Bean 'sqlSessionFactory' of type [org.apache.ibatis.session.defaults.DefaultSqlSessionFactory] is not eligible for getting processed by all BeanPostProcessors (for example: not eligible for auto-proxying)
2020-12-19 18:07:29.197  INFO 2060 --- [main] trationDelegate$BeanPostProcessorChecker : Bean 'sqlSessionTemplate' of type [org.mybatis.spring.SqlSessionTemplate] is not eligible for getting processed by all BeanPostProcessors (for example: not eligible for auto-proxying)
2020-12-19 18:07:29.197  INFO 2060 --- [main] trationDelegate$BeanPostProcessorChecker : Bean 'authUserMapper' of type [org.mybatis.spring.mapper.MapperFactoryBean] is not eligible for getting processed by all BeanPostProcessors (for example: not eligible for auto-proxying)
2020-12-19 18:07:29.197  INFO 2060 --- [main] trationDelegate$BeanPostProcessorChecker : Bean 'authUserMapper' of type [com.sun.proxy.$Proxy65] is not eligible for getting processed by all BeanPostProcessors (for example: not eligible for auto-proxying)
2020-12-19 18:07:29.197  INFO 2060 --- [main] trationDelegate$BeanPostProcessorChecker : Bean 'authUserRoleMapper' of type [org.mybatis.spring.mapper.MapperFactoryBean] is not eligible for getting processed by all BeanPostProcessors (for example: not eligible for auto-proxying)
2020-12-19 18:07:29.197  INFO 2060 --- [main] trationDelegate$BeanPostProcessorChecker : Bean 'authUserRoleMapper' of type [com.sun.proxy.$Proxy66] is not eligible for getting processed by all BeanPostProcessors (for example: not eligible for auto-proxying)
2020-12-19 18:07:29.197  INFO 2060 --- [main] trationDelegate$BeanPostProcessorChecker : Bean 'userService' of type [xyz.scootaloo.bootshiro.service.UserService] is not eligible for getting processed by all BeanPostProcessors (for example: not eligible for auto-proxying)
2020-12-19 18:07:29.197  INFO 2060 --- [main] trationDelegate$BeanPostProcessorChecker : Bean 'accountService' of type [xyz.scootaloo.bootshiro.service.AccountService] is not eligible for getting processed by all BeanPostProcessors (for example: not eligible for auto-proxying)
2020-12-19 18:07:29.197  INFO 2060 --- [main] trationDelegate$BeanPostProcessorChecker : Bean 'databaseAccountProvider' of type [xyz.scootaloo.bootshiro.security.provider.impl.DatabaseAccountProvider] is not eligible for getting processed by all BeanPostProcessors (for example: not eligible for auto-proxying)
2020-12-19 18:07:29.197  INFO 2060 --- [main] trationDelegate$BeanPostProcessorChecker : Bean 'passwordRealm' of type [xyz.scootaloo.bootshiro.security.realm.PasswordRealm] is not eligible for getting processed by all BeanPostProcessors (for example: not eligible for auto-proxying)
2020-12-19 18:07:29.197  INFO 2060 --- [main] trationDelegate$BeanPostProcessorChecker : Bean 'jwtMatcher' of type [xyz.scootaloo.bootshiro.security.matcher.JwtMatcher] is not eligible for getting processed by all BeanPostProcessors (for example: not eligible for auto-proxying)
2020-12-19 18:07:29.197  INFO 2060 --- [main] trationDelegate$BeanPostProcessorChecker : Bean 'jwtRealm' of type [xyz.scootaloo.bootshiro.security.realm.JwtRealm] is not eligible for getting processed by all BeanPostProcessors (for example: not eligible for auto-proxying)
2020-12-19 18:07:29.197  INFO 2060 --- [main] trationDelegate$BeanPostProcessorChecker : Bean 'realmManager' of type [xyz.scootaloo.bootshiro.security.realm.RealmManager] is not eligible for getting processed by all BeanPostProcessors (for example: not eligible for auto-proxying)
2020-12-19 18:07:29.244  INFO 2060 --- [main] trationDelegate$BeanPostProcessorChecker : Bean 'securityManager' of type [org.apache.shiro.web.mgt.DefaultWebSecurityManager] is not eligible for getting processed by all BeanPostProcessors (for example: not eligible for auto-proxying)
2020-12-19 18:07:29.252  INFO 2060 --- [main] trationDelegate$BeanPostProcessorChecker : Bean 'taskManager' of type [xyz.scootaloo.bootshiro.support.TaskManager] is not eligible for getting processed by all BeanPostProcessors (for example: not eligible for auto-proxying)
2020-12-19 18:07:29.252  INFO 2060 --- [main] trationDelegate$BeanPostProcessorChecker : Bean 'org.springframework.boot.autoconfigure.data.redis.RedisAutoConfiguration' of type [org.springframework.boot.autoconfigure.data.redis.RedisAutoConfiguration] is not eligible for getting processed by all BeanPostProcessors (for example: not eligible for auto-proxying)
2020-12-19 18:07:29.252  INFO 2060 --- [main] trationDelegate$BeanPostProcessorChecker : Bean 'spring.redis-org.springframework.boot.autoconfigure.data.redis.RedisProperties' of type [org.springframework.boot.autoconfigure.data.redis.RedisProperties] is not eligible for getting processed by all BeanPostProcessors (for example: not eligible for auto-proxying)
2020-12-19 18:07:29.252  INFO 2060 --- [main] trationDelegate$BeanPostProcessorChecker : Bean 'org.springframework.boot.autoconfigure.data.redis.JedisConnectionConfiguration' of type [org.springframework.boot.autoconfigure.data.redis.JedisConnectionConfiguration] is not eligible for getting processed by all BeanPostProcessors (for example: not eligible for auto-proxying)
2020-12-19 18:07:29.284  INFO 2060 --- [main] trationDelegate$BeanPostProcessorChecker : Bean 'redisConnectionFactory' of type [org.springframework.data.redis.connection.jedis.JedisConnectionFactory] is not eligible for getting processed by all BeanPostProcessors (for example: not eligible for auto-proxying)
2020-12-19 18:07:29.316  INFO 2060 --- [main] trationDelegate$BeanPostProcessorChecker : Bean 'stringRedisTemplate' of type [org.springframework.data.redis.core.StringRedisTemplate] is not eligible for getting processed by all BeanPostProcessors (for example: not eligible for auto-proxying)
2020-12-19 18:07:29.316  INFO 2060 --- [main] trationDelegate$BeanPostProcessorChecker : Bean 'authResourceMapper' of type [org.mybatis.spring.mapper.MapperFactoryBean] is not eligible for getting processed by all BeanPostProcessors (for example: not eligible for auto-proxying)
2020-12-19 18:07:29.316  INFO 2060 --- [main] trationDelegate$BeanPostProcessorChecker : Bean 'authResourceMapper' of type [com.sun.proxy.$Proxy69] is not eligible for getting processed by all BeanPostProcessors (for example: not eligible for auto-proxying)
2020-12-19 18:07:29.316  INFO 2060 --- [main] trationDelegate$BeanPostProcessorChecker : Bean 'ShiroFilterRulesProvider' of type [xyz.scootaloo.bootshiro.security.provider.impl.DatabaseShiroFilterRulesProvider] is not eligible for getting processed by all BeanPostProcessors (for example: not eligible for auto-proxying)
2020-12-19 18:07:29.316  INFO 2060 --- [main] trationDelegate$BeanPostProcessorChecker : Bean 'shiroFilterChainManager' of type [xyz.scootaloo.bootshiro.security.filter.ShiroFilterChainManager] is not eligible for getting processed by all BeanPostProcessors (for example: not eligible for auto-proxying)
2020-12-19 18:07:29.421  INFO 2060 --- [main] com.alibaba.druid.pool.DruidDataSource   : {dataSource-1} inited
2020-12-19 18:07:29.437 DEBUG 2060 --- [main] x.s.b.m.A.selectRoleRules                : ==>  Preparing: select CONCAT(re.URI, '==', UCASE(re.method)) as url, GROUP_CONCAT(rol.CODE ORDER BY re.URI) as needRoles from auth_resource re LEFT JOIN auth_role_resource ro on re.id = ro.RESOURCE_ID LEFT JOIN auth_role rol on ro.ROLE_ID = rol.ID where re.type = 2 GROUP BY re.URI,re.ID
2020-12-19 18:07:29.500 DEBUG 2060 --- [main] x.s.b.m.A.selectRoleRules                : ==> Parameters: 
2020-12-19 18:07:29.516 DEBUG 2060 --- [main] x.s.b.m.A.selectRoleRules                : <==      Total: 27
2020-12-19 18:07:29.656  INFO 2060 --- [main] o.s.b.w.embedded.tomcat.TomcatWebServer  : Tomcat initialized with port(s): 8080 (http)
2020-12-19 18:07:29.672  INFO 2060 --- [main] o.apache.catalina.core.StandardService   : Starting service [Tomcat]
2020-12-19 18:07:29.672  INFO 2060 --- [main] org.apache.catalina.core.StandardEngine  : Starting Servlet engine: [Apache Tomcat/9.0.39]
2020-12-19 18:07:29.737  INFO 2060 --- [main] o.a.c.c.C.[Tomcat].[localhost].[/]       : Initializing Spring embedded WebApplicationContext
2020-12-19 18:07:29.737  INFO 2060 --- [main] w.s.c.ServletWebServerApplicationContext : Root WebApplicationContext: initialization completed in 1596 ms
2020-12-19 18:07:29.737  INFO 2060 --- [main] x.s.bootshiro.config.DruidConfig         : init Druid Servlet Configuration.
2020-12-19 18:07:30.068  INFO 2060 --- [main] pertySourcedRequestMappingHandlerMapping : Mapped URL path [/v2/api-docs] onto method [springfox.documentation.swagger2.web.Swagger2Controller#getDocumentation(String, HttpServletRequest)]
2020-12-19 18:07:30.132  INFO 2060 --- [main] o.s.s.concurrent.ThreadPoolTaskExecutor  : Initializing ExecutorService 'applicationTaskExecutor'
2020-12-19 18:07:30.327  INFO 2060 --- [main] o.s.b.w.embedded.tomcat.TomcatWebServer  : Tomcat started on port(s): 8080 (http) with context path ''
2020-12-19 18:07:30.327  INFO 2060 --- [main] d.s.w.p.DocumentationPluginsBootstrapper : Context refreshed
2020-12-19 18:07:30.343  INFO 2060 --- [main] d.s.w.p.DocumentationPluginsBootstrapper : Found 1 custom documentation plugin(s)
2020-12-19 18:07:30.359  INFO 2060 --- [main] s.d.s.w.s.ApiListingReferenceScanner     : Scanning for api listing references
2020-12-19 18:07:30.503  INFO 2060 --- [main] x.s.bootshiro.BootShiroApplication       : Started BootShiroApplication in 2.743 seconds (JVM running for 3.743)
2020-12-19 18:07:49.782  INFO 2060 --- [http-nio-8080-exec-2] o.a.c.c.C.[Tomcat].[localhost].[/]       : Initializing Spring DispatcherServlet 'dispatcherServlet'
2020-12-19 18:07:49.784  INFO 2060 --- [http-nio-8080-exec-2] o.s.web.servlet.DispatcherServlet        : Initializing Servlet 'dispatcherServlet'
2020-12-19 18:07:49.784  INFO 2060 --- [http-nio-8080-exec-2] o.s.web.servlet.DispatcherServlet        : Completed initialization in 0 ms
2020-12-19 18:07:49.841 DEBUG 2060 --- [pool-1-thread-1] x.s.b.m.A.insertSelective                : ==>  Preparing: insert into auth_operation_log ( log_name, api, method, succeed, CREATE_TIME ) values ( ?, ?, ?, ?, ? )
2020-12-19 18:07:49.849 DEBUG 2060 --- [pool-1-thread-1] x.s.b.m.A.insertSelective                : ==> Parameters: (String), /resource/authorityMenu(String), GET(String), 1(Short), 2020-12-19 18:07:49.818(Timestamp)
2020-12-19 18:07:49.880 DEBUG 2060 --- [pool-1-thread-1] x.s.b.m.A.insertSelective                : <==    Updates: 1
2020-12-19 18:07:49.886 DEBUG 2060 --- [http-nio-8080-exec-1] x.s.b.m.A.selectAccountLogList_COUNT     : ==>  Preparing: SELECT count(0) FROM auth_account_log
2020-12-19 18:07:49.887 DEBUG 2060 --- [http-nio-8080-exec-1] x.s.b.m.A.selectAccountLogList_COUNT     : ==> Parameters: 
2020-12-19 18:07:49.889 DEBUG 2060 --- [http-nio-8080-exec-1] x.s.b.m.A.selectAccountLogList_COUNT     : <==      Total: 1
2020-12-19 18:07:49.890 DEBUG 2060 --- [http-nio-8080-exec-2] x.s.b.m.A.selectOperationLogList_COUNT   : ==>  Preparing: SELECT count(0) FROM auth_operation_log
2020-12-19 18:07:49.891 DEBUG 2060 --- [http-nio-8080-exec-2] x.s.b.m.A.selectOperationLogList_COUNT   : ==> Parameters: 
2020-12-19 18:07:49.892 DEBUG 2060 --- [http-nio-8080-exec-2] x.s.b.m.A.selectOperationLogList_COUNT   : <==      Total: 1
2020-12-19 18:07:49.893 DEBUG 2060 --- [http-nio-8080-exec-1] x.s.b.m.A.selectAccountLogList           : ==>  Preparing: select * from auth_account_log order by create_time desc LIMIT ?
2020-12-19 18:07:49.893 DEBUG 2060 --- [http-nio-8080-exec-2] x.s.b.m.A.selectOperationLogList         : ==>  Preparing: select * from auth_operation_log order by create_time desc LIMIT ?
2020-12-19 18:07:49.895 DEBUG 2060 --- [http-nio-8080-exec-1] x.s.b.m.A.selectAccountLogList           : ==> Parameters: 10(Integer)
2020-12-19 18:07:49.895 DEBUG 2060 --- [http-nio-8080-exec-2] x.s.b.m.A.selectOperationLogList         : ==> Parameters: 10(Integer)
2020-12-19 18:07:49.898 DEBUG 2060 --- [http-nio-8080-exec-1] x.s.b.m.A.selectAccountLogList           : <==      Total: 10
2020-12-19 18:07:49.899 DEBUG 2060 --- [http-nio-8080-exec-2] x.s.b.m.A.selectOperationLogList         : <==      Total: 10
2020-12-19 18:08:02.789 DEBUG 2060 --- [http-nio-8080-exec-6] x.s.b.m.A.selectByUniqueKey              : ==>  Preparing: SELECT uid, username, password, salt, real_name, avatar, phone, email, sex, status, CREATE_TIME, UPDATE_TIME, CREATE_WHERE FROM auth_user user WHERE user.uid = ? or user.phone = ? or user.email = ?
2020-12-19 18:08:02.790 DEBUG 2060 --- [http-nio-8080-exec-6] x.s.b.m.A.selectByUniqueKey              : ==> Parameters: admin(String), admin(String), admin(String)
2020-12-19 18:08:02.791 DEBUG 2060 --- [http-nio-8080-exec-6] x.s.b.m.A.selectByUniqueKey              : <==      Total: 1
2020-12-19 18:08:02.795 DEBUG 2060 --- [http-nio-8080-exec-6] x.s.b.m.AuthUserMapper.selectUserRoles   : ==>  Preparing: SELECT GROUP_CONCAT(rol.CODE) AS Roles FROM auth_user usr JOIN auth_user_role uro ON usr.uid = uro.USER_ID JOIN auth_role rol ON uro.ROLE_ID = rol.ID WHERE usr.uid = ?
2020-12-19 18:08:02.796 DEBUG 2060 --- [http-nio-8080-exec-6] x.s.b.m.AuthUserMapper.selectUserRoles   : ==> Parameters: admin(String)
2020-12-19 18:08:02.797 DEBUG 2060 --- [http-nio-8080-exec-6] x.s.b.m.AuthUserMapper.selectUserRoles   : <==      Total: 1
2020-12-19 18:08:02.816 DEBUG 2060 --- [http-nio-8080-exec-6] x.s.b.m.A.selectByUniqueKey              : ==>  Preparing: SELECT uid, username, password, salt, real_name, avatar, phone, email, sex, status, CREATE_TIME, UPDATE_TIME, CREATE_WHERE FROM auth_user user WHERE user.uid = ? or user.phone = ? or user.email = ?
2020-12-19 18:08:02.816 DEBUG 2060 --- [http-nio-8080-exec-6] x.s.b.m.A.selectByUniqueKey              : ==> Parameters: admin(String), admin(String), admin(String)
2020-12-19 18:08:02.817 DEBUG 2060 --- [http-nio-8080-exec-6] x.s.b.m.A.selectByUniqueKey              : <==      Total: 1
2020-12-19 18:08:02.819  INFO 2060 --- [http-nio-8080-exec-6] x.s.b.controller.AccountController       : :0:0:0:0:0:0:0:1=admin
2020-12-19 18:08:02.821 DEBUG 2060 --- [pool-1-thread-1] x.s.b.m.A.insertSelective                : ==>  Preparing: insert into auth_account_log ( log_name, user_id, ip, succeed, message, CREATE_TIME ) values ( ?, ?, ?, ?, ?, ? )
2020-12-19 18:08:02.822 DEBUG 2060 --- [pool-1-thread-1] x.s.b.m.A.insertSelective                : ==> Parameters: (String), admin(String), 0:0:0:0:0:0:0:1(String), 1(Short), (String), 2020-12-19 18:08:02.82(Timestamp)
2020-12-19 18:08:02.825 DEBUG 2060 --- [pool-1-thread-1] x.s.b.m.A.insertSelective                : <==    Updates: 1
2020-12-19 18:08:02.871 DEBUG 2060 --- [pool-1-thread-2] x.s.b.m.A.insertSelective                : ==>  Preparing: insert into auth_operation_log ( log_name, user_id, api, method, succeed, CREATE_TIME ) values ( ?, ?, ?, ?, ?, ? )
2020-12-19 18:08:02.872 DEBUG 2060 --- [http-nio-8080-exec-3] x.s.b.m.A.selectAccountLogList_COUNT     : ==>  Preparing: SELECT count(0) FROM auth_account_log
2020-12-19 18:08:02.872 DEBUG 2060 --- [http-nio-8080-exec-3] x.s.b.m.A.selectAccountLogList_COUNT     : ==> Parameters: 
2020-12-19 18:08:02.873 DEBUG 2060 --- [http-nio-8080-exec-3] x.s.b.m.A.selectAccountLogList_COUNT     : <==      Total: 1
2020-12-19 18:08:02.874 DEBUG 2060 --- [http-nio-8080-exec-3] x.s.b.m.A.selectAccountLogList           : ==>  Preparing: select * from auth_account_log order by create_time desc LIMIT ?
2020-12-19 18:08:02.875 DEBUG 2060 --- [http-nio-8080-exec-3] x.s.b.m.A.selectAccountLogList           : ==> Parameters: 10(Integer)
2020-12-19 18:08:02.875 DEBUG 2060 --- [pool-1-thread-2] x.s.b.m.A.insertSelective                : ==> Parameters: (String), admin(String), /resource/authorityMenu(String), GET(String), 1(Short), 2020-12-19 18:08:02.87(Timestamp)
2020-12-19 18:08:02.877 DEBUG 2060 --- [http-nio-8080-exec-2] x.s.b.m.A.selectOperationLogList_COUNT   : ==>  Preparing: SELECT count(0) FROM auth_operation_log
2020-12-19 18:08:02.878 DEBUG 2060 --- [pool-1-thread-2] x.s.b.m.A.insertSelective                : <==    Updates: 1
2020-12-19 18:08:02.878 DEBUG 2060 --- [http-nio-8080-exec-2] x.s.b.m.A.selectOperationLogList_COUNT   : ==> Parameters: 
2020-12-19 18:08:02.879 DEBUG 2060 --- [http-nio-8080-exec-2] x.s.b.m.A.selectOperationLogList_COUNT   : <==      Total: 1
2020-12-19 18:08:02.880 DEBUG 2060 --- [http-nio-8080-exec-2] x.s.b.m.A.selectOperationLogList         : ==>  Preparing: select * from auth_operation_log order by create_time desc LIMIT ?
2020-12-19 18:08:02.880 DEBUG 2060 --- [http-nio-8080-exec-2] x.s.b.m.A.selectOperationLogList         : ==> Parameters: 10(Integer)
2020-12-19 18:08:02.881 DEBUG 2060 --- [http-nio-8080-exec-3] x.s.b.m.A.selectAccountLogList           : <==      Total: 10
2020-12-19 18:08:02.884 DEBUG 2060 --- [http-nio-8080-exec-2] x.s.b.m.A.selectOperationLogList         : <==      Total: 10
2020-12-19 18:08:02.899 DEBUG 2060 --- [http-nio-8080-exec-10] x.s.b.m.A.selectAuthorityMenusByUid      : ==>  Preparing: select distinct d.* from auth_user a join auth_user_role b on a.uid = b.user_id join auth_role_resource c on b.role_id = c.role_id join auth_resource d on c.resource_id = d.id where a.uid = ? and d.type = 1 and d.status = 1
2020-12-19 18:08:02.901 DEBUG 2060 --- [http-nio-8080-exec-10] x.s.b.m.A.selectAuthorityMenusByUid      : ==> Parameters: admin(String)
2020-12-19 18:08:02.904 DEBUG 2060 --- [http-nio-8080-exec-10] x.s.b.m.A.selectAuthorityMenusByUid      : <==      Total: 5
2020-12-19 18:09:19.142 DEBUG 2060 --- [pool-1-thread-3] x.s.b.m.A.insertSelective                : ==>  Preparing: insert into auth_operation_log ( log_name, user_id, api, method, succeed, CREATE_TIME ) values ( ?, ?, ?, ?, ?, ? )
2020-12-19 18:09:19.143 DEBUG 2060 --- [pool-1-thread-1] x.s.b.m.A.insertSelective                : ==>  Preparing: insert into auth_operation_log ( log_name, user_id, api, method, succeed, CREATE_TIME ) values ( ?, ?, ?, ?, ?, ? )
2020-12-19 18:09:19.143 DEBUG 2060 --- [pool-1-thread-3] x.s.b.m.A.insertSelective                : ==> Parameters: (String), admin(String), /resource/api/-1/1/10(String), GET(String), 1(Short), 2020-12-19 18:09:19.135(Timestamp)
2020-12-19 18:09:19.143 DEBUG 2060 --- [pool-1-thread-1] x.s.b.m.A.insertSelective                : ==> Parameters: (String), admin(String), /resource/api/0/1/10(String), GET(String), 1(Short), 2020-12-19 18:09:19.135(Timestamp)
2020-12-19 18:09:19.144 DEBUG 2060 --- [http-nio-8080-exec-8] x.s.b.m.A.selectApiList_COUNT            : ==>  Preparing: SELECT count(0) FROM auth_resource a WHERE a.type = 2
2020-12-19 18:09:19.144 DEBUG 2060 --- [http-nio-8080-exec-8] x.s.b.m.A.selectApiList_COUNT            : ==> Parameters: 
2020-12-19 18:09:19.145 DEBUG 2060 --- [http-nio-8080-exec-9] x.s.b.m.A.selectApiTeamList_COUNT        : ==>  Preparing: SELECT count(0) FROM auth_resource a WHERE a.type = 3
2020-12-19 18:09:19.145 DEBUG 2060 --- [pool-1-thread-3] x.s.b.m.A.insertSelective                : <==    Updates: 1
2020-12-19 18:09:19.145 DEBUG 2060 --- [http-nio-8080-exec-9] x.s.b.m.A.selectApiTeamList_COUNT        : ==> Parameters: 
2020-12-19 18:09:19.146 DEBUG 2060 --- [pool-1-thread-1] x.s.b.m.A.insertSelective                : <==    Updates: 1
2020-12-19 18:09:19.146 DEBUG 2060 --- [http-nio-8080-exec-8] x.s.b.m.A.selectApiList_COUNT            : <==      Total: 1
2020-12-19 18:09:19.146 DEBUG 2060 --- [http-nio-8080-exec-9] x.s.b.m.A.selectApiTeamList_COUNT        : <==      Total: 1
2020-12-19 18:09:19.148 DEBUG 2060 --- [http-nio-8080-exec-8] x.s.b.m.A.selectApiList                  : ==>  Preparing: select a.* from auth_resource a where a.type = 2 LIMIT ?
2020-12-19 18:09:19.148 DEBUG 2060 --- [http-nio-8080-exec-9] x.s.b.m.A.selectApiTeamList              : ==>  Preparing: select * from auth_resource a where a.type = 3 LIMIT ?
2020-12-19 18:09:19.149 DEBUG 2060 --- [http-nio-8080-exec-8] x.s.b.m.A.selectApiList                  : ==> Parameters: 10(Integer)
2020-12-19 18:09:19.149 DEBUG 2060 --- [http-nio-8080-exec-9] x.s.b.m.A.selectApiTeamList              : ==> Parameters: 10(Integer)
2020-12-19 18:09:19.151 DEBUG 2060 --- [http-nio-8080-exec-9] x.s.b.m.A.selectApiTeamList              : <==      Total: 5
2020-12-19 18:09:19.153 DEBUG 2060 --- [http-nio-8080-exec-8] x.s.b.m.A.selectApiList                  : <==      Total: 10
2020-12-19 18:09:28.127 DEBUG 2060 --- [http-nio-8080-exec-4] x.s.b.m.A.selectByUniqueKey              : ==>  Preparing: SELECT uid, username, password, salt, real_name, avatar, phone, email, sex, status, CREATE_TIME, UPDATE_TIME, CREATE_WHERE FROM auth_user user WHERE user.uid = ? or user.phone = ? or user.email = ?
2020-12-19 18:09:28.128 DEBUG 2060 --- [http-nio-8080-exec-4] x.s.b.m.A.selectByUniqueKey              : ==> Parameters: admin(String), admin(String), admin(String)
2020-12-19 18:09:28.129 DEBUG 2060 --- [http-nio-8080-exec-4] x.s.b.m.A.selectByUniqueKey              : <==      Total: 1
2020-12-19 18:09:28.130 DEBUG 2060 --- [http-nio-8080-exec-4] x.s.b.m.AuthUserMapper.selectUserRoles   : ==>  Preparing: SELECT GROUP_CONCAT(rol.CODE) AS Roles FROM auth_user usr JOIN auth_user_role uro ON usr.uid = uro.USER_ID JOIN auth_role rol ON uro.ROLE_ID = rol.ID WHERE usr.uid = ?
2020-12-19 18:09:28.130 DEBUG 2060 --- [http-nio-8080-exec-4] x.s.b.m.AuthUserMapper.selectUserRoles   : ==> Parameters: admin(String)
2020-12-19 18:09:28.131 DEBUG 2060 --- [http-nio-8080-exec-4] x.s.b.m.AuthUserMapper.selectUserRoles   : <==      Total: 1
2020-12-19 18:09:28.133 DEBUG 2060 --- [http-nio-8080-exec-4] x.s.b.m.A.selectByUniqueKey              : ==>  Preparing: SELECT uid, username, password, salt, real_name, avatar, phone, email, sex, status, CREATE_TIME, UPDATE_TIME, CREATE_WHERE FROM auth_user user WHERE user.uid = ? or user.phone = ? or user.email = ?
2020-12-19 18:09:28.133 DEBUG 2060 --- [http-nio-8080-exec-4] x.s.b.m.A.selectByUniqueKey              : ==> Parameters: admin(String), admin(String), admin(String)
2020-12-19 18:09:28.134 DEBUG 2060 --- [http-nio-8080-exec-4] x.s.b.m.A.selectByUniqueKey              : <==      Total: 1
2020-12-19 18:09:28.135  INFO 2060 --- [http-nio-8080-exec-4] x.s.b.controller.AccountController       : :0:0:0:0:0:0:0:1=admin
2020-12-19 18:09:28.135 DEBUG 2060 --- [pool-1-thread-2] x.s.b.m.A.insertSelective                : ==>  Preparing: insert into auth_account_log ( log_name, user_id, ip, succeed, message, CREATE_TIME ) values ( ?, ?, ?, ?, ?, ? )
2020-12-19 18:09:28.135 DEBUG 2060 --- [pool-1-thread-2] x.s.b.m.A.insertSelective                : ==> Parameters: (String), admin(String), 0:0:0:0:0:0:0:1(String), 1(Short), (String), 2020-12-19 18:09:28.135(Timestamp)
2020-12-19 18:09:28.146 DEBUG 2060 --- [pool-1-thread-2] x.s.b.m.A.insertSelective                : <==    Updates: 1
2020-12-19 18:09:28.163 DEBUG 2060 --- [http-nio-8080-exec-6] x.s.b.m.A.selectAccountLogList_COUNT     : ==>  Preparing: SELECT count(0) FROM auth_account_log
2020-12-19 18:09:28.163 DEBUG 2060 --- [http-nio-8080-exec-6] x.s.b.m.A.selectAccountLogList_COUNT     : ==> Parameters: 
2020-12-19 18:09:28.164 DEBUG 2060 --- [http-nio-8080-exec-6] x.s.b.m.A.selectAccountLogList_COUNT     : <==      Total: 1
2020-12-19 18:09:28.165 DEBUG 2060 --- [http-nio-8080-exec-6] x.s.b.m.A.selectAccountLogList           : ==>  Preparing: select * from auth_account_log order by create_time desc LIMIT ?
2020-12-19 18:09:28.165 DEBUG 2060 --- [http-nio-8080-exec-7] x.s.b.m.A.selectOperationLogList_COUNT   : ==>  Preparing: SELECT count(0) FROM auth_operation_log
2020-12-19 18:09:28.165 DEBUG 2060 --- [http-nio-8080-exec-7] x.s.b.m.A.selectOperationLogList_COUNT   : ==> Parameters: 
2020-12-19 18:09:28.165 DEBUG 2060 --- [http-nio-8080-exec-6] x.s.b.m.A.selectAccountLogList           : ==> Parameters: 10(Integer)
2020-12-19 18:09:28.166 DEBUG 2060 --- [http-nio-8080-exec-7] x.s.b.m.A.selectOperationLogList_COUNT   : <==      Total: 1
2020-12-19 18:09:28.167 DEBUG 2060 --- [http-nio-8080-exec-7] x.s.b.m.A.selectOperationLogList         : ==>  Preparing: select * from auth_operation_log order by create_time desc LIMIT ?
2020-12-19 18:09:28.167 DEBUG 2060 --- [http-nio-8080-exec-7] x.s.b.m.A.selectOperationLogList         : ==> Parameters: 10(Integer)
2020-12-19 18:09:28.167 DEBUG 2060 --- [http-nio-8080-exec-6] x.s.b.m.A.selectAccountLogList           : <==      Total: 10
2020-12-19 18:09:28.170 DEBUG 2060 --- [http-nio-8080-exec-7] x.s.b.m.A.selectOperationLogList         : <==      Total: 10
